2024-05-23 22:40:25 - URL: /, IP: 0:0:0:0:0:0:0:1
2024-05-23 22:40:27 - URL: /, IP: 0:0:0:0:0:0:0:1
2024-05-23 22:40:27 - URL: /, IP: 0:0:0:0:0:0:0:1
2024-05-23 22:40:28 - URL: /, IP: 0:0:0:0:0:0:0:1
2024-05-23 22:40:34 - URL: /KRISNASHAADIQNUGROHO_A11202214776_MidEnglish.pdf, IP: 0:0:0:0:0:0:0:1
2024-05-23 22:40:37 - URL: /index.html, IP: 0:0:0:0:0:0:0:1
2024-05-23 22:40:37 - URL: /file-list, IP: 0:0:0:0:0:0:0:1, Error: 404 Not Found
2024-05-23 22:40:40 - URL: /images.jpg, IP: 0:0:0:0:0:0:0:1
2024-05-23 22:40:42 - URL: /appTesting2/, IP: 0:0:0:0:0:0:0:1
2024-05-23 22:40:44 - URL: /appTesting2/.editorconfig, IP: 0:0:0:0:0:0:0:1
2024-05-23 22:40:46 - URL: /appTesting2/bootstrap/, IP: 0:0:0:0:0:0:0:1
2024-05-23 22:40:47 - URL: /appTesting2/bootstrap/cache/, IP: 0:0:0:0:0:0:0:1
2024-05-23 22:40:48 - URL: /appTesting2/bootstrap/cache/packages.php, IP: 0:0:0:0:0:0:0:1
2024-05-23 22:40:52 - URL: /appTesting2/README.md, IP: 0:0:0:0:0:0:0:1
2024-05-23 22:40:56 - URL: /appTesting2/vite.config.js, IP: 0:0:0:0:0:0:0:1
2024-05-23 22:41:04 - Server stopped
2024-05-23 22:56:48 - URL: /, IP: 0:0:0:0:0:0:0:1
2024-05-23 22:56:51 - URL: /KRISNASHAADIQNUGROHO_A11202214776_MidEnglish.pdf, IP: 0:0:0:0:0:0:0:1
2024-05-23 22:56:53 - URL: /index.html, IP: 0:0:0:0:0:0:0:1
2024-05-23 22:56:53 - URL: /file-list, IP: 0:0:0:0:0:0:0:1, Error: 404 Not Found
2024-05-23 22:56:57 - URL: /images.jpg, IP: 0:0:0:0:0:0:0:1
2024-05-23 22:57:00 - URL: /appTesting2/, IP: 0:0:0:0:0:0:0:1
2024-05-23 22:57:01 - URL: /appTesting2/composer.json, IP: 0:0:0:0:0:0:0:1
2024-05-23 22:57:03 - URL: /appTesting2/package.json, IP: 0:0:0:0:0:0:0:1
2024-05-23 22:57:08 - URL: /appTesting2/, IP: 0:0:0:0:0:0:0:1
2024-05-23 22:57:11 - URL: /appTesting2/storage/, IP: 0:0:0:0:0:0:0:1
2024-05-23 22:57:13 - URL: /appTesting2/storage/framework/, IP: 0:0:0:0:0:0:0:1
2024-05-23 22:57:14 - URL: /appTesting2/storage/framework/.gitignore, IP: 0:0:0:0:0:0:0:1
2024-05-23 23:00:39 - URL: /, IP: 0:0:0:0:0:0:0:1
2024-05-23 23:00:41 - URL: /KRISNASHAADIQNUGROHO_A11202214776_MidEnglish.pdf, IP: 0:0:0:0:0:0:0:1
2024-05-23 23:00:43 - URL: /index.html, IP: 0:0:0:0:0:0:0:1
2024-05-23 23:00:43 - URL: /file-list, IP: 0:0:0:0:0:0:0:1, Error: 404 Not Found
2024-05-23 23:03:19 - URL: /KRISNASHAADIQNUGROHO_A11202214776_MidEnglish.pdf, IP: 0:0:0:0:0:0:0:1
2024-05-23 23:03:22 - URL: /index.html, IP: 0:0:0:0:0:0:0:1
2024-05-23 23:03:22 - URL: /file-list, IP: 0:0:0:0:0:0:0:1, Error: 404 Not Found
2024-05-23 23:03:26 - URL: /index.html, IP: 0:0:0:0:0:0:0:1
2024-05-23 23:03:26 - URL: /file-list, IP: 0:0:0:0:0:0:0:1, Error: 404 Not Found
2024-05-23 23:03:30 - URL: /KRISNASHAADIQNUGROHO_A11202214776_MidEnglish.pdf, IP: 0:0:0:0:0:0:0:1
2024-05-23 23:03:34 - URL: /images.jpg, IP: 0:0:0:0:0:0:0:1
2024-05-23 23:04:49 - URL: /, IP: 0:0:0:0:0:0:0:1
2024-05-23 23:04:50 - URL: /, IP: 0:0:0:0:0:0:0:1
2024-05-23 23:04:51 - URL: /, IP: 0:0:0:0:0:0:0:1
2024-05-23 23:04:51 - URL: /, IP: 0:0:0:0:0:0:0:1
2024-05-23 23:04:51 - URL: /, IP: 0:0:0:0:0:0:0:1
2024-05-23 23:04:51 - URL: /, IP: 0:0:0:0:0:0:0:1
2024-05-23 23:04:52 - URL: /, IP: 0:0:0:0:0:0:0:1
2024-05-23 23:04:52 - URL: /, IP: 0:0:0:0:0:0:0:1
2024-05-23 23:04:52 - URL: /, IP: 0:0:0:0:0:0:0:1
2024-05-23 23:04:52 - URL: /, IP: 0:0:0:0:0:0:0:1
2024-05-23 23:04:54 - URL: /, IP: 0:0:0:0:0:0:0:1
2024-05-23 23:04:54 - URL: /, IP: 0:0:0:0:0:0:0:1
2024-05-23 23:04:54 - URL: /, IP: 0:0:0:0:0:0:0:1
2024-05-23 23:04:55 - URL: /, IP: 0:0:0:0:0:0:0:1
2024-05-23 23:04:55 - URL: /, IP: 0:0:0:0:0:0:0:1
2024-05-23 23:04:55 - URL: /, IP: 0:0:0:0:0:0:0:1
2024-05-23 23:04:55 - URL: /, IP: 0:0:0:0:0:0:0:1
2024-05-23 23:04:55 - URL: /, IP: 0:0:0:0:0:0:0:1
2024-05-23 23:04:55 - URL: /, IP: 0:0:0:0:0:0:0:1
2024-05-23 23:04:56 - URL: /, IP: 0:0:0:0:0:0:0:1
2024-05-23 23:04:56 - URL: /, IP: 0:0:0:0:0:0:0:1
2024-05-23 23:04:57 - URL: /, IP: 0:0:0:0:0:0:0:1
2024-05-23 23:04:57 - URL: /, IP: 0:0:0:0:0:0:0:1
2024-05-23 23:04:58 - URL: /, IP: 0:0:0:0:0:0:0:1
2024-05-23 23:04:58 - URL: /, IP: 0:0:0:0:0:0:0:1
2024-05-23 23:04:59 - URL: /, IP: 0:0:0:0:0:0:0:1
2024-05-23 23:04:59 - URL: /, IP: 0:0:0:0:0:0:0:1
2024-05-23 23:04:59 - URL: /, IP: 0:0:0:0:0:0:0:1
2024-05-23 23:05:16 - URL: /KRISNASHAADIQNUGROHO_A11202214776_MidEnglish.pdf, IP: 0:0:0:0:0:0:0:1
2024-05-23 23:05:21 - URL: /index.html, IP: 0:0:0:0:0:0:0:1
2024-05-23 23:05:21 - URL: /file-list, IP: 0:0:0:0:0:0:0:1, Error: 404 Not Found
2024-05-23 23:05:23 - URL: /index.html, IP: 0:0:0:0:0:0:0:1
2024-05-23 23:05:23 - URL: /file-list, IP: 0:0:0:0:0:0:0:1, Error: 404 Not Found
2024-05-23 23:05:26 - URL: /appTesting2/, IP: 0:0:0:0:0:0:0:1
2024-05-23 23:05:28 - URL: /images.jpg, IP: 0:0:0:0:0:0:0:1
2024-05-23 23:05:30 - URL: /index.html, IP: 0:0:0:0:0:0:0:1
2024-05-23 23:05:30 - URL: /file-list, IP: 0:0:0:0:0:0:0:1, Error: 404 Not Found
2024-05-23 23:05:32 - URL: /index.html, IP: 0:0:0:0:0:0:0:1
2024-05-23 23:05:32 - URL: /file-list, IP: 0:0:0:0:0:0:0:1, Error: 404 Not Found
2024-05-23 23:14:56 - URL: /index.html, IP: 0:0:0:0:0:0:0:1
2024-05-23 23:14:56 - URL: /file-list, IP: 0:0:0:0:0:0:0:1, Error: 404 Not Found
2024-05-23 23:14:59 - URL: /KRISNASHAADIQNUGROHO_A11202214776_MidEnglish.pdf, IP: 0:0:0:0:0:0:0:1
2024-05-23 23:15:01 - URL: /index.html, IP: 0:0:0:0:0:0:0:1
2024-05-23 23:15:01 - URL: /file-list, IP: 0:0:0:0:0:0:0:1, Error: 404 Not Found
2024-05-23 23:15:03 - URL: /images.jpg, IP: 0:0:0:0:0:0:0:1
2024-05-23 23:15:05 - URL: /appTesting2/, IP: 0:0:0:0:0:0:0:1
2024-05-23 23:15:06 - URL: /appTesting2/.gitignore, IP: 0:0:0:0:0:0:0:1
2024-05-23 23:17:41 - URL: /appTesting2/, IP: 0:0:0:0:0:0:0:1
2024-05-23 23:17:48 - URL: /KRISNASHAADIQNUGROHO_A11202214776_MidEnglish.pdf, IP: 0:0:0:0:0:0:0:1
2024-05-23 23:17:52 - URL: /index.html, IP: 0:0:0:0:0:0:0:1
2024-05-23 23:17:52 - URL: /file-list, IP: 0:0:0:0:0:0:0:1, Error: 404 Not Found
2024-05-23 23:17:56 - URL: /images.jpg, IP: 0:0:0:0:0:0:0:1
